<?xml version="1.0" encoding="UTF-8"?>
<!-- Generated by org.testng.reporters.JUnitXMLReporter -->
<testsuite ignored="0" hostname="DCCPL0508" failures="0" tests="4" name="Default test" time="23.019" errors="0" timestamp="2024-12-27T13:36:43 IST">
  <testcase classname="testScenarios.SmokeTestSuite" name="testLoginValidCredentials" time="9.403"/>
  <testcase classname="testScenarios.SmokeTestSuite" name="testLoginBatchLoader" time="3.056"/>
  <testcase classname="testScenarios.SmokeTestSuite" name="testExport" time="1.138"/>
  <testcase classname="testScenarios.SmokeTestSuite" name="testImport" time="0.902"/>
</testsuite> <!-- Default test -->
