<?xml version="1.0" encoding="UTF-8"?>
<!-- Generated by org.testng.reporters.JUnitXMLReporter -->
<testsuite ignored="0" hostname="DCCPL0508" failures="0" tests="3" name="Default test" time="35.812" errors="0" timestamp="2024-12-26T13:38:03 IST">
  <testcase classname="testScenarios.FunctionalTestImport" name="testLoginValidCredentials" time="3.275"/>
  <testcase classname="testScenarios.FunctionalTestImport" name="testLoginBatchLoader" time="2.173"/>
  <testcase classname="testScenarios.FunctionalTestImport" name="testImport" time="22.421"/>
</testsuite> <!-- Default test -->
